<?xml version="1.0" encoding="UTF-8"?>
<testng-results ignored="0" total="1" passed="1" failed="0" skipped="0">
  <reporter-output>
  </reporter-output>
  <suite started-at="2023-06-21T15:38:16Z" name="Default suite" finished-at="2023-06-21T15:38:18Z" duration-ms="2051">
    <groups>
    </groups>
    <test started-at="2023-06-21T15:38:16Z" name="Default test" finished-at="2023-06-21T15:38:18Z" duration-ms="2051">
      <class name="scripts.API">
        <test-method signature="test()[pri:0, instance:scripts.API@530712d]" started-at="2023-06-21T15:38:16Z" name="test" finished-at="2023-06-21T15:38:18Z" duration-ms="2012" status="PASS">
          <reporter-output>
          </reporter-output>
        </test-method> <!-- test -->
      </class> <!-- scripts.API -->
    </test> <!-- Default test -->
  </suite> <!-- Default suite -->
</testng-results>
